<?xml version="1.0" encoding="UTF-8"?>
<!-- Generated by org.testng.reporters.JUnitReportReporter -->
<testsuite hostname="LAPTOP-FDD7CCMN" failures="0" tests="1" name="testCases.TC_002LoginTest" time="1.572" errors="0" timestamp="2025-08-26T14:30:52 IST" skipped="0">
  <testcase classname="testCases.TC_002LoginTest" name="logintest" time="1.572"/>
</testsuite> <!-- testCases.TC_002LoginTest -->
