<?xml version="1.0" encoding="UTF-8"?>
<!-- Generated by org.testng.reporters.JUnitReportReporter -->
<testsuite hostname="LAPTOP-FDD7CCMN" failures="0" tests="1" name="testCases.TC_001Registration" time="2.318" errors="0" timestamp="2025-08-29T12:53:17 IST" skipped="0">
  <testcase classname="testCases.TC_001Registration" name="RegistrationTest" time="2.318"/>
</testsuite> <!-- testCases.TC_001Registration -->
